[debug] > Exec(early(addDefaultCommands), None, None)
[debug] > Exec(addDefaultCommands, None, None)
[debug] > Exec(early(initialize), None, None)
[debug] > Exec(initialize, None, None)
[debug] > Exec(early(addPluginSbtFile="""C:\Users\DESERT~1\AppData\Local\Temp\idea11.sbt"""), None, None)
[debug] > Exec(addPluginSbtFile="""C:\Users\DESERT~1\AppData\Local\Temp\idea11.sbt""", None, None)
[debug] > Exec(boot, None, None)
[debug] > Exec(writeSbtVersion, None, None)
[debug] > Exec(reload, None, None)
[debug] > Exec(sbtStashOnFailure, None, None)
[debug] > Exec(onFailure loadFailed, None, None)
[debug] > Exec(loadp, None, None)
[info] welcome to sbt 1.10.10 (Eclipse Adoptium Java 17.0.14)
[debug] Load.defaultLoad until apply took 80.4212ms
[debug]           Load.loadUnit: plugins took 70.971ms
[debug]           Load.loadUnit: defsScala took 0.2474ms
[debug] [Loading] Scanning directory C:\Stencil_accelerator\project
[debug]             Load.loadUnit: mkEval took 7.4546ms
[debug] [Loading] Found non-root projects 
[debug] [Loading] Done in C:\Stencil_accelerator\project, returning: ()
[debug] deducing auto plugins based on known facts Set(Atom(sbt.plugins.CorePlugin)) and clauses Clauses(Clause(Atom(sbt.plugins.JvmPlugin),Set(Atom(sbt.plugins.IvyPlugin)))
[debug] Clause(Atom(sbt.ScriptedPlugin),Set(Atom(sbt.plugins.JvmPlugin)))
[debug] Clause(Atom(sbt.plugins.SbtPlugin),Set(Atom(sbt.ScriptedPlugin)))
[debug] Clause(Atom(sbt.plugins.SemanticdbPlugin),Set(Atom(sbt.plugins.JvmPlugin)))
[debug] Clause(Atom(sbt.plugins.JUnitXmlReportPlugin),Set(Atom(sbt.plugins.JvmPlugin)))
[debug] Clause(Atom(sbt.plugins.MiniDependencyTreePlugin),Set(Atom(sbt.plugins.JvmPlugin)))
[debug] Clause(Atom(sbt.plugins.CorePlugin),Set(Atom(sbt.plugins.IvyPlugin)))
[debug] Clause(Atom(sbt.plugins.IvyPlugin),Set(Atom(sbt.plugins.JvmPlugin)))
[debug] Clause(Atom(sbt.plugins.JvmPlugin),Set(Atom(sbt.plugins.SemanticdbPlugin)))
[debug] Clause(Atom(sbt.plugins.JvmPlugin),Set(Atom(sbt.plugins.JUnitXmlReportPlugin)))
[debug] Clause(Atom(sbt.plugins.CorePlugin),Set(Atom(sbt.plugins.Giter8TemplatePlugin)))
[debug] Clause(Atom(sbt.plugins.JvmPlugin),Set(Atom(sbt.plugins.MiniDependencyTreePlugin))))
[debug]   :: deduced result: Matched(sbt.plugins.CorePlugin,sbt.plugins.Giter8TemplatePlugin,sbt.plugins.IvyPlugin,sbt.plugins.JvmPlugin,sbt.plugins.MiniDependencyTreePlugin,sbt.plugins.JUnitXmlReportPlugin,sbt.plugins.SemanticdbPlugin)
[debug] Plugins.deducer#function took 13.5493 ms
[info] loading settings for project stencil_accelerator-build from idea11.sbt...
[debug]               Load.resolveProject(stencil_accelerator-build) took 33.8981ms
[debug]             Load.loadTransitive: finalizeProject(Project(id stencil_accelerator-build, base: C:\Stencil_accelerator\project, plugins: List(<none>))) took 54.1471ms
[debug] [Loading] Done in C:\Stencil_accelerator\project, returning: (stencil_accelerator-build)
[debug]           Load.loadUnit: loadedProjectsRaw took 3114.6737ms
[debug]           Load.loadUnit: cleanEvalClasses took 5.9084ms
[debug]         Load.loadUnit(file:/C:/Stencil_accelerator/project/, ...) took 3196.3683ms
[debug]       Load.apply: load took 3365.0793ms
[debug]       Load.apply: resolveProjects took 3.7048ms
[debug]       Load.apply: finalTransforms took 69.5463ms
[debug]       Load.apply: config.delegates took 11.9597ms
[debug]       Load.apply: Def.make(settings)... took 580.3339ms
[debug]       Load.apply: structureIndex took 173.4647ms
[debug]       Load.apply: mkStreams took 15.7909ms
[info] loading project definition from C:\Stencil_accelerator\project
[debug] Running task... Cancel: Signal, check cycles: false, forcegc: true
[debug]     Load.loadUnit: plugins took 6564.9846ms
[debug]     Load.loadUnit: defsScala took 0.0022ms
[debug] [Loading] Scanning directory C:\Stencil_accelerator
[debug]       Load.loadUnit: mkEval took 0.3461ms
[debug] [Loading] Found root project root w/ remaining 
[debug] deducing auto plugins based on known facts Set(Atom(sbt.plugins.CorePlugin)) and clauses Clauses(Clause(Atom(sbt.plugins.JvmPlugin),Set(Atom(sbt.plugins.IvyPlugin)))
[debug] Clause(Atom(sbt.ScriptedPlugin),Set(Atom(sbt.plugins.JvmPlugin)))
[debug] Clause(Atom(sbt.plugins.SbtPlugin),Set(Atom(sbt.ScriptedPlugin)))
[debug] Clause(Atom(sbt.plugins.SemanticdbPlugin),Set(Atom(sbt.plugins.JvmPlugin)))
[debug] Clause(Atom(sbt.plugins.JUnitXmlReportPlugin),Set(Atom(sbt.plugins.JvmPlugin)))
[debug] Clause(Atom(sbt.plugins.MiniDependencyTreePlugin),Set(Atom(sbt.plugins.JvmPlugin)))
[debug] Clause(Atom(org.jetbrains.sbt.StructurePlugin),Set(Atom(sbt.plugins.JvmPlugin)))
[debug] Clause(Atom(org.jetbrains.sbt.IdeaShellPlugin),Set(Atom(sbt.plugins.JvmPlugin)))
[debug] Clause(Atom(sbt.plugins.CorePlugin),Set(Atom(sbt.plugins.IvyPlugin)))
[debug] Clause(Atom(sbt.plugins.IvyPlugin),Set(Atom(sbt.plugins.JvmPlugin)))
[debug] Clause(Atom(sbt.plugins.JvmPlugin),Set(Atom(sbt.plugins.SemanticdbPlugin)))
[debug] Clause(Atom(sbt.plugins.JvmPlugin),Set(Atom(sbt.plugins.JUnitXmlReportPlugin)))
[debug] Clause(Atom(sbt.plugins.CorePlugin),Set(Atom(sbt.plugins.Giter8TemplatePlugin)))
[debug] Clause(Atom(sbt.plugins.JvmPlugin),Set(Atom(sbt.plugins.MiniDependencyTreePlugin)))
[debug] Clause(Atom(sbt.plugins.JvmPlugin),Set(Atom(org.jetbrains.sbt.StructurePlugin)))
[debug] Clause(Atom(sbt.plugins.JvmPlugin),Set(Atom(org.jetbrains.sbt.IdeaShellPlugin))))
[debug]   :: deduced result: Matched(sbt.plugins.CorePlugin,sbt.plugins.Giter8TemplatePlugin,sbt.plugins.IvyPlugin,sbt.plugins.JvmPlugin,sbt.plugins.SemanticdbPlugin,sbt.plugins.JUnitXmlReportPlugin,org.jetbrains.sbt.IdeaShellPlugin,org.jetbrains.sbt.StructurePlugin,sbt.plugins.MiniDependencyTreePlugin)
[debug] Plugins.deducer#function took 1.2994 ms
[info] loading settings for project root from build.sbt...
[debug]         Load.resolveProject(root) took 144.1039ms
[debug]       Load.loadTransitive: finalizeProject(Project(id root, base: C:\Stencil_accelerator, plugins: List(<none>))) took 148.5308ms
[debug] [Loading] Done in C:\Stencil_accelerator, returning: (root)
[debug]     Load.loadUnit: loadedProjectsRaw took 1435.8387ms
[debug]     Load.loadUnit: cleanEvalClasses took 21.8381ms
[debug]   Load.loadUnit(file:/C:/Stencil_accelerator/, ...) took 8024.4156ms
[debug] Load.apply: load took 8044.578ms
[debug] Load.apply: resolveProjects took 0.4409ms
[debug] Load.apply: finalTransforms took 46.7171ms
[debug] Load.apply: config.delegates took 0.2693ms
[debug] Load.apply: Def.make(settings)... took 98.1469ms
[debug] Load.apply: structureIndex took 27.7665ms
[debug] Load.apply: mkStreams took 0.0022ms
[info] set current project to Stencil_accelerator (in build file:/C:/Stencil_accelerator/)
[debug] > Exec(sbtPopOnFailure, None, None)
[debug] > Exec(resumeFromFailure, None, None)
[debug] > Exec(notifyUsersAboutShell, None, None)
[debug] > Exec(iflast shell, None, None)
[debug] > Exec(idea-shell, None, None)
