[debug] > Exec(early(addDefaultCommands), None, None)
[debug] > Exec(addDefaultCommands, None, None)
[debug] > Exec(early(initialize), None, None)
[debug] > Exec(initialize, None, None)
[debug] > Exec(early(addPluginSbtFile="""C:\Users\DESERT~1\AppData\Local\Temp\idea1.sbt"""), None, None)
[debug] > Exec(addPluginSbtFile="""C:\Users\DESERT~1\AppData\Local\Temp\idea1.sbt""", None, None)
[debug] > Exec(boot, None, None)
[debug] > Exec(writeSbtVersion, None, None)
[debug] > Exec(reload, None, None)
[debug] > Exec(sbtStashOnFailure, None, None)
[debug] > Exec(onFailure loadFailed, None, None)
[debug] > Exec(loadp, None, None)
[info] welcome to sbt 1.10.10 (Eclipse Adoptium Java 17.0.14)
[debug] Load.defaultLoad until apply took 83.5799ms
[debug]           Load.loadUnit: plugins took 78.3367ms
[debug]           Load.loadUnit: defsScala took 0.2286ms
[debug] [Loading] Scanning directory C:\Stencil_accelerator\project
[debug]             Load.loadUnit: mkEval took 5.6931ms
[debug] [Loading] Found non-root projects 
[debug] [Loading] Done in C:\Stencil_accelerator\project, returning: ()
[debug] deducing auto plugins based on known facts Set(Atom(sbt.plugins.CorePlugin)) and clauses Clauses(Clause(Atom(sbt.plugins.JvmPlugin),Set(Atom(sbt.plugins.IvyPlugin)))
[debug] Clause(Atom(sbt.ScriptedPlugin),Set(Atom(sbt.plugins.JvmPlugin)))
[debug] Clause(Atom(sbt.plugins.SbtPlugin),Set(Atom(sbt.ScriptedPlugin)))
[debug] Clause(Atom(sbt.plugins.SemanticdbPlugin),Set(Atom(sbt.plugins.JvmPlugin)))
[debug] Clause(Atom(sbt.plugins.JUnitXmlReportPlugin),Set(Atom(sbt.plugins.JvmPlugin)))
[debug] Clause(Atom(sbt.plugins.MiniDependencyTreePlugin),Set(Atom(sbt.plugins.JvmPlugin)))
[debug] Clause(Atom(sbt.plugins.CorePlugin),Set(Atom(sbt.plugins.IvyPlugin)))
[debug] Clause(Atom(sbt.plugins.IvyPlugin),Set(Atom(sbt.plugins.JvmPlugin)))
[debug] Clause(Atom(sbt.plugins.JvmPlugin),Set(Atom(sbt.plugins.SemanticdbPlugin)))
[debug] Clause(Atom(sbt.plugins.JvmPlugin),Set(Atom(sbt.plugins.JUnitXmlReportPlugin)))
[debug] Clause(Atom(sbt.plugins.CorePlugin),Set(Atom(sbt.plugins.Giter8TemplatePlugin)))
[debug] Clause(Atom(sbt.plugins.JvmPlugin),Set(Atom(sbt.plugins.MiniDependencyTreePlugin))))
[debug]   :: deduced result: Matched(sbt.plugins.CorePlugin,sbt.plugins.Giter8TemplatePlugin,sbt.plugins.IvyPlugin,sbt.plugins.JvmPlugin,sbt.plugins.MiniDependencyTreePlugin,sbt.plugins.JUnitXmlReportPlugin,sbt.plugins.SemanticdbPlugin)
[debug] Plugins.deducer#function took 10.6328 ms
[info] loading settings for project stencil_accelerator-build from idea1.sbt...
[debug]               Load.resolveProject(stencil_accelerator-build) took 35.377ms
[debug]             Load.loadTransitive: finalizeProject(Project(id stencil_accelerator-build, base: C:\Stencil_accelerator\project, plugins: List(<none>))) took 59.8757ms
[debug] [Loading] Done in C:\Stencil_accelerator\project, returning: (stencil_accelerator-build)
[debug]           Load.loadUnit: loadedProjectsRaw took 322.9607ms
[debug]           Load.loadUnit: cleanEvalClasses took 5.7372ms
[debug]         Load.loadUnit(file:/C:/Stencil_accelerator/project/, ...) took 412.0143ms
[debug]       Load.apply: load took 577.6433ms
[debug]       Load.apply: resolveProjects took 4.3238ms
[debug]       Load.apply: finalTransforms took 56.096ms
[debug]       Load.apply: config.delegates took 8.0055ms
[debug]       Load.apply: Def.make(settings)... took 626.8683ms
[debug]       Load.apply: structureIndex took 170.0367ms
[debug]       Load.apply: mkStreams took 6.2759ms
[info] loading project definition from C:\Stencil_accelerator\project
[debug] Running task... Cancel: Signal, check cycles: false, forcegc: true
[debug]     Load.loadUnit: plugins took 2708.1475ms
[debug]     Load.loadUnit: defsScala took 0.0031ms
[debug] [Loading] Scanning directory C:\Stencil_accelerator
[debug]       Load.loadUnit: mkEval took 0.3239ms
[debug] [Loading] Found root project root w/ remaining 
[debug] deducing auto plugins based on known facts Set(Atom(sbt.plugins.CorePlugin)) and clauses Clauses(Clause(Atom(sbt.plugins.JvmPlugin),Set(Atom(sbt.plugins.IvyPlugin)))
[debug] Clause(Atom(sbt.ScriptedPlugin),Set(Atom(sbt.plugins.JvmPlugin)))
[debug] Clause(Atom(sbt.plugins.SbtPlugin),Set(Atom(sbt.ScriptedPlugin)))
[debug] Clause(Atom(sbt.plugins.SemanticdbPlugin),Set(Atom(sbt.plugins.JvmPlugin)))
[debug] Clause(Atom(sbt.plugins.JUnitXmlReportPlugin),Set(Atom(sbt.plugins.JvmPlugin)))
[debug] Clause(Atom(sbt.plugins.MiniDependencyTreePlugin),Set(Atom(sbt.plugins.JvmPlugin)))
[debug] Clause(Atom(org.jetbrains.sbt.StructurePlugin),Set(Atom(sbt.plugins.JvmPlugin)))
[debug] Clause(Atom(org.jetbrains.sbt.IdeaShellPlugin),Set(Atom(sbt.plugins.JvmPlugin)))
[debug] Clause(Atom(sbt.plugins.CorePlugin),Set(Atom(sbt.plugins.IvyPlugin)))
[debug] Clause(Atom(sbt.plugins.IvyPlugin),Set(Atom(sbt.plugins.JvmPlugin)))
[debug] Clause(Atom(sbt.plugins.JvmPlugin),Set(Atom(sbt.plugins.SemanticdbPlugin)))
[debug] Clause(Atom(sbt.plugins.JvmPlugin),Set(Atom(sbt.plugins.JUnitXmlReportPlugin)))
[debug] Clause(Atom(sbt.plugins.CorePlugin),Set(Atom(sbt.plugins.Giter8TemplatePlugin)))
[debug] Clause(Atom(sbt.plugins.JvmPlugin),Set(Atom(sbt.plugins.MiniDependencyTreePlugin)))
[debug] Clause(Atom(sbt.plugins.JvmPlugin),Set(Atom(org.jetbrains.sbt.StructurePlugin)))
[debug] Clause(Atom(sbt.plugins.JvmPlugin),Set(Atom(org.jetbrains.sbt.IdeaShellPlugin))))
[debug]   :: deduced result: Matched(sbt.plugins.CorePlugin,sbt.plugins.Giter8TemplatePlugin,sbt.plugins.IvyPlugin,sbt.plugins.JvmPlugin,sbt.plugins.SemanticdbPlugin,sbt.plugins.JUnitXmlReportPlugin,org.jetbrains.sbt.IdeaShellPlugin,org.jetbrains.sbt.StructurePlugin,sbt.plugins.MiniDependencyTreePlugin)
[debug] Plugins.deducer#function took 3.4974 ms
[info] loading settings for project root from build.sbt...
[debug]         Load.resolveProject(root) took 34.6259ms
[debug]       Load.loadTransitive: finalizeProject(Project(id root, base: C:\Stencil_accelerator, plugins: List(<none>))) took 39.7532ms
[debug] [Loading] Done in C:\Stencil_accelerator, returning: (root)
[debug]     Load.loadUnit: loadedProjectsRaw took 173.7395ms
[debug]     Load.loadUnit: cleanEvalClasses took 2.7782ms
[debug]   Load.loadUnit(file:/C:/Stencil_accelerator/, ...) took 2885.5787ms
[debug] Load.apply: load took 2900.9971ms
[debug] Load.apply: resolveProjects took 0.5899ms
[debug] Load.apply: finalTransforms took 34.0929ms
[debug] Load.apply: config.delegates took 0.535ms
[debug] Load.apply: Def.make(settings)... took 96.3129ms
[debug] Load.apply: structureIndex took 22.8617ms
[debug] Load.apply: mkStreams took 0.0026ms
[info] set current project to Stencil_accelerator (in build file:/C:/Stencil_accelerator/)
[debug] > Exec(sbtPopOnFailure, None, None)
[debug] > Exec(resumeFromFailure, None, None)
[debug] > Exec(notifyUsersAboutShell, None, None)
[debug] > Exec(iflast shell, None, None)
[debug] > Exec(idea-shell, None, None)
